<?xml version="1.0" encoding="UTF-8"?>
<coverage generated="1742923132217" clover="3.2.0">
  <project timestamp="1742923132217" name="All files">
    <metrics statements="50" coveredstatements="50" conditionals="206" coveredconditionals="206" methods="7" coveredmethods="7" elements="263" coveredelements="263" complexity="0" loc="50" ncloc="50" packages="2" files="2" classes="2"/>
    <package name="config">
      <metrics statements="6" coveredstatements="6" conditionals="12" coveredconditionals="12" methods="0" coveredmethods="0"/>
      <file name="config.ts" path="C:\git\Brewery-Inventory-Service\src\config\config.ts">
        <metrics statements="6" coveredstatements="6" conditionals="12" coveredconditionals="12" methods="0" coveredmethods="0"/>
        <line num="1" count="4" type="stmt"/>
        <line num="3" count="4" type="stmt"/>
        <line num="9" count="4" type="cond" truecount="2" falsecount="0"/>
        <line num="10" count="4" type="cond" truecount="4" falsecount="0"/>
        <line num="11" count="4" type="cond" truecount="4" falsecount="0"/>
        <line num="20" count="4" type="stmt"/>
      </file>
    </package>
    <package name="controllers">
      <metrics statements="44" coveredstatements="44" conditionals="194" coveredconditionals="194" methods="7" coveredmethods="7"/>
      <file name="inventoryController.ts" path="C:\git\Brewery-Inventory-Service\src\controllers\inventoryController.ts">
        <metrics statements="44" coveredstatements="44" conditionals="194" coveredconditionals="194" methods="7" coveredmethods="7"/>
        <line num="2" count="1" type="stmt"/>
        <line num="3" count="1" type="stmt"/>
        <line num="4" count="1" type="stmt"/>
        <line num="26" count="1" type="stmt"/>
        <line num="27" count="20" type="stmt"/>
        <line num="34" count="4" type="stmt"/>
        <line num="35" count="4" type="cond" truecount="1" falsecount="0"/>
        <line num="36" count="1" type="stmt"/>
        <line num="37" count="1" type="stmt"/>
        <line num="39" count="3" type="stmt"/>
        <line num="40" count="3" type="stmt"/>
        <line num="45" count="1" type="stmt"/>
        <line num="47" count="2" type="stmt"/>
        <line num="51" count="2" type="cond" truecount="6" falsecount="0"/>
        <line num="64" count="3" type="stmt"/>
        <line num="65" count="3" type="stmt"/>
        <line num="69" count="1" type="stmt"/>
        <line num="71" count="2" type="stmt"/>
        <line num="75" count="2" type="cond" truecount="6" falsecount="0"/>
        <line num="87" count="3" type="stmt"/>
        <line num="88" count="3" type="stmt"/>
        <line num="93" count="1" type="stmt"/>
        <line num="95" count="2" type="stmt"/>
        <line num="99" count="2" type="cond" truecount="6" falsecount="0"/>
        <line num="111" count="3" type="stmt"/>
        <line num="112" count="3" type="stmt"/>
        <line num="116" count="1" type="stmt"/>
        <line num="118" count="2" type="stmt"/>
        <line num="122" count="2" type="cond" truecount="6" falsecount="0"/>
        <line num="134" count="3" type="stmt"/>
        <line num="135" count="3" type="stmt"/>
        <line num="138" count="1" type="stmt"/>
        <line num="140" count="2" type="stmt"/>
        <line num="144" count="2" type="cond" truecount="6" falsecount="0"/>
        <line num="157" count="4" type="stmt"/>
        <line num="158" count="4" type="cond" truecount="1" falsecount="0"/>
        <line num="159" count="1" type="stmt"/>
        <line num="160" count="1" type="stmt"/>
        <line num="162" count="3" type="stmt"/>
        <line num="163" count="3" type="stmt"/>
        <line num="168" count="1" type="stmt"/>
        <line num="169" count="1" type="stmt"/>
        <line num="174" count="2" type="stmt"/>
        <line num="178" count="2" type="cond" truecount="6" falsecount="0"/>
      </file>
    </package>
  </project>
</coverage>
