{"C:\\git\\Brewery-Inventory-Service\\src\\config\\config.ts": {"path":"C:\\git\\Brewery-Inventory-Service\\src\\config\\config.ts","statementMap":{"0":{"start":{"line":1,"column":0},"end":{"line":1,"column":33}},"1":{"start":{"line":3,"column":0},"end":{"line":7,"column":3}},"2":{"start":{"line":9,"column":20},"end":{"line":9,"column":57}},"3":{"start":{"line":10,"column":24},"end":{"line":10,"column":78}},"4":{"start":{"line":11,"column":13},"end":{"line":11,"column":39}},"5":{"start":{"line":20,"column":13},"end":{"line":25,"column":2}}},"fnMap":{},"branchMap":{"0":{"loc":{"start":{"line":5,"column":15},"end":{"line":5,"column":46}},"type":"binary-expr","locations":[{"start":{"line":5,"column":15},"end":{"line":5,"column":35}},{"start":{"line":5,"column":39},"end":{"line":5,"column":46}}]},"1":{"loc":{"start":{"line":9,"column":20},"end":{"line":9,"column":57}},"type":"binary-expr","locations":[{"start":{"line":9,"column":20},"end":{"line":9,"column":40}},{"start":{"line":9,"column":44},"end":{"line":9,"column":57}}]},"2":{"loc":{"start":{"line":10,"column":24},"end":{"line":10,"column":78}},"type":"cond-expr","locations":[{"start":{"line":10,"column":51},"end":{"line":10,"column":55}},{"start":{"line":10,"column":55},"end":{"line":10,"column":78}}]},"3":{"loc":{"start":{"line":10,"column":24},"end":{"line":10,"column":55}},"type":"binary-expr","locations":[{"start":{"line":10,"column":24},"end":{"line":10,"column":55}},{"start":{"line":10,"column":51},"end":{"line":10,"column":55}}]},"4":{"loc":{"start":{"line":11,"column":13},"end":{"line":11,"column":39}},"type":"cond-expr","locations":[{"start":{"line":11,"column":29},"end":{"line":11,"column":33}},{"start":{"line":11,"column":33},"end":{"line":11,"column":39}}]},"5":{"loc":{"start":{"line":11,"column":13},"end":{"line":11,"column":33}},"type":"binary-expr","locations":[{"start":{"line":11,"column":13},"end":{"line":11,"column":33}},{"start":{"line":11,"column":29},"end":{"line":11,"column":33}}]}},"s":{"0":4,"1":4,"2":4,"3":4,"4":4,"5":4},"f":{},"b":{"0":[4,1],"1":[4,1],"2":[2,2],"3":[4,4],"4":[2,2],"5":[4,4]}}
,"C:\\git\\Brewery-Inventory-Service\\src\\controllers\\inventoryController.ts": {"path":"C:\\git\\Brewery-Inventory-Service\\src\\controllers\\inventoryController.ts","statementMap":{"0":{"start":{"line":2,"column":0},"end":{"line":2,"column":53}},"1":{"start":{"line":3,"column":0},"end":{"line":3,"column":26}},"2":{"start":{"line":4,"column":0},"end":{"line":4,"column":42}},"3":{"start":{"line":27,"column":18},"end":{"line":27,"column":55}},"4":{"start":{"line":34,"column":17},"end":{"line":34,"column":38}},"5":{"start":{"line":35,"column":2},"end":{"line":38,"column":3}},"6":{"start":{"line":36,"column":3},"end":{"line":36,"column":52}},"7":{"start":{"line":37,"column":3},"end":{"line":37,"column":10}},"8":{"start":{"line":39,"column":2},"end":{"line":56,"column":3}},"9":{"start":{"line":40,"column":20},"end":{"line":43,"column":null}},"10":{"start":{"line":45,"column":3},"end":{"line":45,"column":39}},"11":{"start":{"line":47,"column":3},"end":{"line":50,"column":5}},"12":{"start":{"line":51,"column":3},"end":{"line":55,"column":6}},"13":{"start":{"line":64,"column":2},"end":{"line":79,"column":3}},"14":{"start":{"line":65,"column":20},"end":{"line":67,"column":null}},"15":{"start":{"line":69,"column":3},"end":{"line":69,"column":39}},"16":{"start":{"line":71,"column":3},"end":{"line":74,"column":5}},"17":{"start":{"line":75,"column":3},"end":{"line":78,"column":6}},"18":{"start":{"line":87,"column":2},"end":{"line":103,"column":3}},"19":{"start":{"line":88,"column":20},"end":{"line":91,"column":null}},"20":{"start":{"line":93,"column":3},"end":{"line":93,"column":39}},"21":{"start":{"line":95,"column":3},"end":{"line":98,"column":5}},"22":{"start":{"line":99,"column":3},"end":{"line":102,"column":6}},"23":{"start":{"line":111,"column":2},"end":{"line":126,"column":3}},"24":{"start":{"line":112,"column":3},"end":{"line":115,"column":5}},"25":{"start":{"line":116,"column":3},"end":{"line":116,"column":69}},"26":{"start":{"line":118,"column":3},"end":{"line":121,"column":5}},"27":{"start":{"line":122,"column":3},"end":{"line":125,"column":6}},"28":{"start":{"line":134,"column":2},"end":{"line":149,"column":3}},"29":{"start":{"line":135,"column":20},"end":{"line":136,"column":null}},"30":{"start":{"line":138,"column":3},"end":{"line":138,"column":39}},"31":{"start":{"line":140,"column":3},"end":{"line":143,"column":5}},"32":{"start":{"line":144,"column":3},"end":{"line":148,"column":6}},"33":{"start":{"line":157,"column":17},"end":{"line":157,"column":38}},"34":{"start":{"line":158,"column":2},"end":{"line":161,"column":3}},"35":{"start":{"line":159,"column":3},"end":{"line":159,"column":52}},"36":{"start":{"line":160,"column":3},"end":{"line":160,"column":10}},"37":{"start":{"line":162,"column":2},"end":{"line":183,"column":3}},"38":{"start":{"line":163,"column":20},"end":{"line":166,"column":null}},"39":{"start":{"line":168,"column":30},"end":{"line":168,"column":43}},"40":{"start":{"line":169,"column":3},"end":{"line":172,"column":6}},"41":{"start":{"line":174,"column":3},"end":{"line":177,"column":5}},"42":{"start":{"line":178,"column":3},"end":{"line":182,"column":6}},"43":{"start":{"line":26,"column":0},"end":{"line":26,"column":13}}},"fnMap":{"0":{"name":"(anonymous_8)","decl":{"start":{"line":26,"column":0},"end":{"line":26,"column":13}},"loc":{"start":{"line":26,"column":0},"end":{"line":185,"column":1}}},"1":{"name":"(anonymous_9)","decl":{"start":{"line":29,"column":7},"end":{"line":29,"column":17}},"loc":{"start":{"line":32,"column":20},"end":{"line":57,"column":null}}},"2":{"name":"(anonymous_11)","decl":{"start":{"line":59,"column":7},"end":{"line":59,"column":21}},"loc":{"start":{"line":62,"column":20},"end":{"line":80,"column":null}}},"3":{"name":"(anonymous_13)","decl":{"start":{"line":82,"column":7},"end":{"line":82,"column":20}},"loc":{"start":{"line":85,"column":20},"end":{"line":104,"column":null}}},"4":{"name":"(anonymous_15)","decl":{"start":{"line":106,"column":7},"end":{"line":106,"column":20}},"loc":{"start":{"line":109,"column":20},"end":{"line":127,"column":null}}},"5":{"name":"(anonymous_17)","decl":{"start":{"line":129,"column":7},"end":{"line":129,"column":21}},"loc":{"start":{"line":132,"column":20},"end":{"line":150,"column":null}}},"6":{"name":"(anonymous_19)","decl":{"start":{"line":152,"column":7},"end":{"line":152,"column":18}},"loc":{"start":{"line":155,"column":20},"end":{"line":184,"column":null}}}},"branchMap":{"0":{"loc":{"start":{"line":35,"column":2},"end":{"line":38,"column":3}},"type":"if","locations":[{"start":{"line":35,"column":2},"end":{"line":38,"column":3}}]},"1":{"loc":{"start":{"line":49,"column":4},"end":{"line":49,"column":41}},"type":"binary-expr","locations":[{"start":{"line":49,"column":4},"end":{"line":49,"column":24}},{"start":{"line":49,"column":28},"end":{"line":49,"column":41}}]},"2":{"loc":{"start":{"line":49,"column":4},"end":{"line":49,"column":24}},"type":"cond-expr","locations":[{"start":{"line":49,"column":18},"end":{"line":49,"column":20}},{"start":{"line":49,"column":18},"end":{"line":49,"column":24}}]},"3":{"loc":{"start":{"line":49,"column":4},"end":{"line":49,"column":20}},"type":"binary-expr","locations":[{"start":{"line":49,"column":4},"end":{"line":49,"column":20}},{"start":{"line":49,"column":18},"end":{"line":49,"column":20}}]},"4":{"loc":{"start":{"line":51,"column":14},"end":{"line":51,"column":43}},"type":"binary-expr","locations":[{"start":{"line":51,"column":14},"end":{"line":51,"column":36}},{"start":{"line":51,"column":40},"end":{"line":51,"column":43}}]},"5":{"loc":{"start":{"line":51,"column":14},"end":{"line":51,"column":36}},"type":"cond-expr","locations":[{"start":{"line":51,"column":28},"end":{"line":51,"column":30}},{"start":{"line":51,"column":28},"end":{"line":51,"column":36}}]},"6":{"loc":{"start":{"line":51,"column":14},"end":{"line":51,"column":30}},"type":"binary-expr","locations":[{"start":{"line":51,"column":14},"end":{"line":51,"column":30}},{"start":{"line":51,"column":28},"end":{"line":51,"column":30}}]},"7":{"loc":{"start":{"line":53,"column":5},"end":{"line":53,"column":60}},"type":"binary-expr","locations":[{"start":{"line":53,"column":5},"end":{"line":53,"column":34}},{"start":{"line":53,"column":38},"end":{"line":53,"column":60}}]},"8":{"loc":{"start":{"line":53,"column":5},"end":{"line":53,"column":34}},"type":"cond-expr","locations":[{"start":{"line":53,"column":25},"end":{"line":53,"column":27}},{"start":{"line":53,"column":25},"end":{"line":53,"column":34}}]},"9":{"loc":{"start":{"line":53,"column":5},"end":{"line":53,"column":27}},"type":"binary-expr","locations":[{"start":{"line":53,"column":5},"end":{"line":53,"column":27}},{"start":{"line":53,"column":25},"end":{"line":53,"column":27}}]},"10":{"loc":{"start":{"line":53,"column":5},"end":{"line":53,"column":25}},"type":"cond-expr","locations":[{"start":{"line":53,"column":19},"end":{"line":53,"column":21}},{"start":{"line":53,"column":19},"end":{"line":53,"column":25}}]},"11":{"loc":{"start":{"line":53,"column":5},"end":{"line":53,"column":21}},"type":"binary-expr","locations":[{"start":{"line":53,"column":5},"end":{"line":53,"column":21}},{"start":{"line":53,"column":19},"end":{"line":53,"column":21}}]},"12":{"loc":{"start":{"line":54,"column":11},"end":{"line":54,"column":56}},"type":"binary-expr","locations":[{"start":{"line":54,"column":11},"end":{"line":54,"column":39}},{"start":{"line":54,"column":43},"end":{"line":54,"column":56}}]},"13":{"loc":{"start":{"line":54,"column":11},"end":{"line":54,"column":39}},"type":"cond-expr","locations":[{"start":{"line":54,"column":31},"end":{"line":54,"column":33}},{"start":{"line":54,"column":31},"end":{"line":54,"column":39}}]},"14":{"loc":{"start":{"line":54,"column":11},"end":{"line":54,"column":33}},"type":"binary-expr","locations":[{"start":{"line":54,"column":11},"end":{"line":54,"column":33}},{"start":{"line":54,"column":31},"end":{"line":54,"column":33}}]},"15":{"loc":{"start":{"line":54,"column":11},"end":{"line":54,"column":31}},"type":"cond-expr","locations":[{"start":{"line":54,"column":25},"end":{"line":54,"column":27}},{"start":{"line":54,"column":25},"end":{"line":54,"column":31}}]},"16":{"loc":{"start":{"line":54,"column":11},"end":{"line":54,"column":27}},"type":"binary-expr","locations":[{"start":{"line":54,"column":11},"end":{"line":54,"column":27}},{"start":{"line":54,"column":25},"end":{"line":54,"column":27}}]},"17":{"loc":{"start":{"line":73,"column":4},"end":{"line":73,"column":41}},"type":"binary-expr","locations":[{"start":{"line":73,"column":4},"end":{"line":73,"column":24}},{"start":{"line":73,"column":28},"end":{"line":73,"column":41}}]},"18":{"loc":{"start":{"line":73,"column":4},"end":{"line":73,"column":24}},"type":"cond-expr","locations":[{"start":{"line":73,"column":18},"end":{"line":73,"column":20}},{"start":{"line":73,"column":18},"end":{"line":73,"column":24}}]},"19":{"loc":{"start":{"line":73,"column":4},"end":{"line":73,"column":20}},"type":"binary-expr","locations":[{"start":{"line":73,"column":4},"end":{"line":73,"column":20}},{"start":{"line":73,"column":18},"end":{"line":73,"column":20}}]},"20":{"loc":{"start":{"line":75,"column":14},"end":{"line":75,"column":43}},"type":"binary-expr","locations":[{"start":{"line":75,"column":14},"end":{"line":75,"column":36}},{"start":{"line":75,"column":40},"end":{"line":75,"column":43}}]},"21":{"loc":{"start":{"line":75,"column":14},"end":{"line":75,"column":36}},"type":"cond-expr","locations":[{"start":{"line":75,"column":28},"end":{"line":75,"column":30}},{"start":{"line":75,"column":28},"end":{"line":75,"column":36}}]},"22":{"loc":{"start":{"line":75,"column":14},"end":{"line":75,"column":30}},"type":"binary-expr","locations":[{"start":{"line":75,"column":14},"end":{"line":75,"column":30}},{"start":{"line":75,"column":28},"end":{"line":75,"column":30}}]},"23":{"loc":{"start":{"line":76,"column":13},"end":{"line":76,"column":65}},"type":"binary-expr","locations":[{"start":{"line":76,"column":13},"end":{"line":76,"column":42}},{"start":{"line":76,"column":46},"end":{"line":76,"column":65}}]},"24":{"loc":{"start":{"line":76,"column":13},"end":{"line":76,"column":42}},"type":"cond-expr","locations":[{"start":{"line":76,"column":33},"end":{"line":76,"column":35}},{"start":{"line":76,"column":33},"end":{"line":76,"column":42}}]},"25":{"loc":{"start":{"line":76,"column":13},"end":{"line":76,"column":35}},"type":"binary-expr","locations":[{"start":{"line":76,"column":13},"end":{"line":76,"column":35}},{"start":{"line":76,"column":33},"end":{"line":76,"column":35}}]},"26":{"loc":{"start":{"line":76,"column":13},"end":{"line":76,"column":33}},"type":"cond-expr","locations":[{"start":{"line":76,"column":27},"end":{"line":76,"column":29}},{"start":{"line":76,"column":27},"end":{"line":76,"column":33}}]},"27":{"loc":{"start":{"line":76,"column":13},"end":{"line":76,"column":29}},"type":"binary-expr","locations":[{"start":{"line":76,"column":13},"end":{"line":76,"column":29}},{"start":{"line":76,"column":27},"end":{"line":76,"column":29}}]},"28":{"loc":{"start":{"line":77,"column":11},"end":{"line":77,"column":56}},"type":"binary-expr","locations":[{"start":{"line":77,"column":11},"end":{"line":77,"column":39}},{"start":{"line":77,"column":43},"end":{"line":77,"column":56}}]},"29":{"loc":{"start":{"line":77,"column":11},"end":{"line":77,"column":39}},"type":"cond-expr","locations":[{"start":{"line":77,"column":31},"end":{"line":77,"column":33}},{"start":{"line":77,"column":31},"end":{"line":77,"column":39}}]},"30":{"loc":{"start":{"line":77,"column":11},"end":{"line":77,"column":33}},"type":"binary-expr","locations":[{"start":{"line":77,"column":11},"end":{"line":77,"column":33}},{"start":{"line":77,"column":31},"end":{"line":77,"column":33}}]},"31":{"loc":{"start":{"line":77,"column":11},"end":{"line":77,"column":31}},"type":"cond-expr","locations":[{"start":{"line":77,"column":25},"end":{"line":77,"column":27}},{"start":{"line":77,"column":25},"end":{"line":77,"column":31}}]},"32":{"loc":{"start":{"line":77,"column":11},"end":{"line":77,"column":27}},"type":"binary-expr","locations":[{"start":{"line":77,"column":11},"end":{"line":77,"column":27}},{"start":{"line":77,"column":25},"end":{"line":77,"column":27}}]},"33":{"loc":{"start":{"line":97,"column":4},"end":{"line":97,"column":41}},"type":"binary-expr","locations":[{"start":{"line":97,"column":4},"end":{"line":97,"column":24}},{"start":{"line":97,"column":28},"end":{"line":97,"column":41}}]},"34":{"loc":{"start":{"line":97,"column":4},"end":{"line":97,"column":24}},"type":"cond-expr","locations":[{"start":{"line":97,"column":18},"end":{"line":97,"column":20}},{"start":{"line":97,"column":18},"end":{"line":97,"column":24}}]},"35":{"loc":{"start":{"line":97,"column":4},"end":{"line":97,"column":20}},"type":"binary-expr","locations":[{"start":{"line":97,"column":4},"end":{"line":97,"column":20}},{"start":{"line":97,"column":18},"end":{"line":97,"column":20}}]},"36":{"loc":{"start":{"line":99,"column":14},"end":{"line":99,"column":43}},"type":"binary-expr","locations":[{"start":{"line":99,"column":14},"end":{"line":99,"column":36}},{"start":{"line":99,"column":40},"end":{"line":99,"column":43}}]},"37":{"loc":{"start":{"line":99,"column":14},"end":{"line":99,"column":36}},"type":"cond-expr","locations":[{"start":{"line":99,"column":28},"end":{"line":99,"column":30}},{"start":{"line":99,"column":28},"end":{"line":99,"column":36}}]},"38":{"loc":{"start":{"line":99,"column":14},"end":{"line":99,"column":30}},"type":"binary-expr","locations":[{"start":{"line":99,"column":14},"end":{"line":99,"column":30}},{"start":{"line":99,"column":28},"end":{"line":99,"column":30}}]},"39":{"loc":{"start":{"line":100,"column":13},"end":{"line":100,"column":65}},"type":"binary-expr","locations":[{"start":{"line":100,"column":13},"end":{"line":100,"column":42}},{"start":{"line":100,"column":46},"end":{"line":100,"column":65}}]},"40":{"loc":{"start":{"line":100,"column":13},"end":{"line":100,"column":42}},"type":"cond-expr","locations":[{"start":{"line":100,"column":33},"end":{"line":100,"column":35}},{"start":{"line":100,"column":33},"end":{"line":100,"column":42}}]},"41":{"loc":{"start":{"line":100,"column":13},"end":{"line":100,"column":35}},"type":"binary-expr","locations":[{"start":{"line":100,"column":13},"end":{"line":100,"column":35}},{"start":{"line":100,"column":33},"end":{"line":100,"column":35}}]},"42":{"loc":{"start":{"line":100,"column":13},"end":{"line":100,"column":33}},"type":"cond-expr","locations":[{"start":{"line":100,"column":27},"end":{"line":100,"column":29}},{"start":{"line":100,"column":27},"end":{"line":100,"column":33}}]},"43":{"loc":{"start":{"line":100,"column":13},"end":{"line":100,"column":29}},"type":"binary-expr","locations":[{"start":{"line":100,"column":13},"end":{"line":100,"column":29}},{"start":{"line":100,"column":27},"end":{"line":100,"column":29}}]},"44":{"loc":{"start":{"line":101,"column":11},"end":{"line":101,"column":56}},"type":"binary-expr","locations":[{"start":{"line":101,"column":11},"end":{"line":101,"column":39}},{"start":{"line":101,"column":43},"end":{"line":101,"column":56}}]},"45":{"loc":{"start":{"line":101,"column":11},"end":{"line":101,"column":39}},"type":"cond-expr","locations":[{"start":{"line":101,"column":31},"end":{"line":101,"column":33}},{"start":{"line":101,"column":31},"end":{"line":101,"column":39}}]},"46":{"loc":{"start":{"line":101,"column":11},"end":{"line":101,"column":33}},"type":"binary-expr","locations":[{"start":{"line":101,"column":11},"end":{"line":101,"column":33}},{"start":{"line":101,"column":31},"end":{"line":101,"column":33}}]},"47":{"loc":{"start":{"line":101,"column":11},"end":{"line":101,"column":31}},"type":"cond-expr","locations":[{"start":{"line":101,"column":25},"end":{"line":101,"column":27}},{"start":{"line":101,"column":25},"end":{"line":101,"column":31}}]},"48":{"loc":{"start":{"line":101,"column":11},"end":{"line":101,"column":27}},"type":"binary-expr","locations":[{"start":{"line":101,"column":11},"end":{"line":101,"column":27}},{"start":{"line":101,"column":25},"end":{"line":101,"column":27}}]},"49":{"loc":{"start":{"line":120,"column":4},"end":{"line":120,"column":41}},"type":"binary-expr","locations":[{"start":{"line":120,"column":4},"end":{"line":120,"column":24}},{"start":{"line":120,"column":28},"end":{"line":120,"column":41}}]},"50":{"loc":{"start":{"line":120,"column":4},"end":{"line":120,"column":24}},"type":"cond-expr","locations":[{"start":{"line":120,"column":18},"end":{"line":120,"column":20}},{"start":{"line":120,"column":18},"end":{"line":120,"column":24}}]},"51":{"loc":{"start":{"line":120,"column":4},"end":{"line":120,"column":20}},"type":"binary-expr","locations":[{"start":{"line":120,"column":4},"end":{"line":120,"column":20}},{"start":{"line":120,"column":18},"end":{"line":120,"column":20}}]},"52":{"loc":{"start":{"line":122,"column":14},"end":{"line":122,"column":43}},"type":"binary-expr","locations":[{"start":{"line":122,"column":14},"end":{"line":122,"column":36}},{"start":{"line":122,"column":40},"end":{"line":122,"column":43}}]},"53":{"loc":{"start":{"line":122,"column":14},"end":{"line":122,"column":36}},"type":"cond-expr","locations":[{"start":{"line":122,"column":28},"end":{"line":122,"column":30}},{"start":{"line":122,"column":28},"end":{"line":122,"column":36}}]},"54":{"loc":{"start":{"line":122,"column":14},"end":{"line":122,"column":30}},"type":"binary-expr","locations":[{"start":{"line":122,"column":14},"end":{"line":122,"column":30}},{"start":{"line":122,"column":28},"end":{"line":122,"column":30}}]},"55":{"loc":{"start":{"line":123,"column":13},"end":{"line":123,"column":65}},"type":"binary-expr","locations":[{"start":{"line":123,"column":13},"end":{"line":123,"column":42}},{"start":{"line":123,"column":46},"end":{"line":123,"column":65}}]},"56":{"loc":{"start":{"line":123,"column":13},"end":{"line":123,"column":42}},"type":"cond-expr","locations":[{"start":{"line":123,"column":33},"end":{"line":123,"column":35}},{"start":{"line":123,"column":33},"end":{"line":123,"column":42}}]},"57":{"loc":{"start":{"line":123,"column":13},"end":{"line":123,"column":35}},"type":"binary-expr","locations":[{"start":{"line":123,"column":13},"end":{"line":123,"column":35}},{"start":{"line":123,"column":33},"end":{"line":123,"column":35}}]},"58":{"loc":{"start":{"line":123,"column":13},"end":{"line":123,"column":33}},"type":"cond-expr","locations":[{"start":{"line":123,"column":27},"end":{"line":123,"column":29}},{"start":{"line":123,"column":27},"end":{"line":123,"column":33}}]},"59":{"loc":{"start":{"line":123,"column":13},"end":{"line":123,"column":29}},"type":"binary-expr","locations":[{"start":{"line":123,"column":13},"end":{"line":123,"column":29}},{"start":{"line":123,"column":27},"end":{"line":123,"column":29}}]},"60":{"loc":{"start":{"line":124,"column":11},"end":{"line":124,"column":56}},"type":"binary-expr","locations":[{"start":{"line":124,"column":11},"end":{"line":124,"column":39}},{"start":{"line":124,"column":43},"end":{"line":124,"column":56}}]},"61":{"loc":{"start":{"line":124,"column":11},"end":{"line":124,"column":39}},"type":"cond-expr","locations":[{"start":{"line":124,"column":31},"end":{"line":124,"column":33}},{"start":{"line":124,"column":31},"end":{"line":124,"column":39}}]},"62":{"loc":{"start":{"line":124,"column":11},"end":{"line":124,"column":33}},"type":"binary-expr","locations":[{"start":{"line":124,"column":11},"end":{"line":124,"column":33}},{"start":{"line":124,"column":31},"end":{"line":124,"column":33}}]},"63":{"loc":{"start":{"line":124,"column":11},"end":{"line":124,"column":31}},"type":"cond-expr","locations":[{"start":{"line":124,"column":25},"end":{"line":124,"column":27}},{"start":{"line":124,"column":25},"end":{"line":124,"column":31}}]},"64":{"loc":{"start":{"line":124,"column":11},"end":{"line":124,"column":27}},"type":"binary-expr","locations":[{"start":{"line":124,"column":11},"end":{"line":124,"column":27}},{"start":{"line":124,"column":25},"end":{"line":124,"column":27}}]},"65":{"loc":{"start":{"line":142,"column":4},"end":{"line":142,"column":41}},"type":"binary-expr","locations":[{"start":{"line":142,"column":4},"end":{"line":142,"column":24}},{"start":{"line":142,"column":28},"end":{"line":142,"column":41}}]},"66":{"loc":{"start":{"line":142,"column":4},"end":{"line":142,"column":24}},"type":"cond-expr","locations":[{"start":{"line":142,"column":18},"end":{"line":142,"column":20}},{"start":{"line":142,"column":18},"end":{"line":142,"column":24}}]},"67":{"loc":{"start":{"line":142,"column":4},"end":{"line":142,"column":20}},"type":"binary-expr","locations":[{"start":{"line":142,"column":4},"end":{"line":142,"column":20}},{"start":{"line":142,"column":18},"end":{"line":142,"column":20}}]},"68":{"loc":{"start":{"line":144,"column":14},"end":{"line":144,"column":43}},"type":"binary-expr","locations":[{"start":{"line":144,"column":14},"end":{"line":144,"column":36}},{"start":{"line":144,"column":40},"end":{"line":144,"column":43}}]},"69":{"loc":{"start":{"line":144,"column":14},"end":{"line":144,"column":36}},"type":"cond-expr","locations":[{"start":{"line":144,"column":28},"end":{"line":144,"column":30}},{"start":{"line":144,"column":28},"end":{"line":144,"column":36}}]},"70":{"loc":{"start":{"line":144,"column":14},"end":{"line":144,"column":30}},"type":"binary-expr","locations":[{"start":{"line":144,"column":14},"end":{"line":144,"column":30}},{"start":{"line":144,"column":28},"end":{"line":144,"column":30}}]},"71":{"loc":{"start":{"line":146,"column":5},"end":{"line":146,"column":63}},"type":"binary-expr","locations":[{"start":{"line":146,"column":5},"end":{"line":146,"column":34}},{"start":{"line":146,"column":38},"end":{"line":146,"column":63}}]},"72":{"loc":{"start":{"line":146,"column":5},"end":{"line":146,"column":34}},"type":"cond-expr","locations":[{"start":{"line":146,"column":25},"end":{"line":146,"column":27}},{"start":{"line":146,"column":25},"end":{"line":146,"column":34}}]},"73":{"loc":{"start":{"line":146,"column":5},"end":{"line":146,"column":27}},"type":"binary-expr","locations":[{"start":{"line":146,"column":5},"end":{"line":146,"column":27}},{"start":{"line":146,"column":25},"end":{"line":146,"column":27}}]},"74":{"loc":{"start":{"line":146,"column":5},"end":{"line":146,"column":25}},"type":"cond-expr","locations":[{"start":{"line":146,"column":19},"end":{"line":146,"column":21}},{"start":{"line":146,"column":19},"end":{"line":146,"column":25}}]},"75":{"loc":{"start":{"line":146,"column":5},"end":{"line":146,"column":21}},"type":"binary-expr","locations":[{"start":{"line":146,"column":5},"end":{"line":146,"column":21}},{"start":{"line":146,"column":19},"end":{"line":146,"column":21}}]},"76":{"loc":{"start":{"line":147,"column":11},"end":{"line":147,"column":56}},"type":"binary-expr","locations":[{"start":{"line":147,"column":11},"end":{"line":147,"column":39}},{"start":{"line":147,"column":43},"end":{"line":147,"column":56}}]},"77":{"loc":{"start":{"line":147,"column":11},"end":{"line":147,"column":39}},"type":"cond-expr","locations":[{"start":{"line":147,"column":31},"end":{"line":147,"column":33}},{"start":{"line":147,"column":31},"end":{"line":147,"column":39}}]},"78":{"loc":{"start":{"line":147,"column":11},"end":{"line":147,"column":33}},"type":"binary-expr","locations":[{"start":{"line":147,"column":11},"end":{"line":147,"column":33}},{"start":{"line":147,"column":31},"end":{"line":147,"column":33}}]},"79":{"loc":{"start":{"line":147,"column":11},"end":{"line":147,"column":31}},"type":"cond-expr","locations":[{"start":{"line":147,"column":25},"end":{"line":147,"column":27}},{"start":{"line":147,"column":25},"end":{"line":147,"column":31}}]},"80":{"loc":{"start":{"line":147,"column":11},"end":{"line":147,"column":27}},"type":"binary-expr","locations":[{"start":{"line":147,"column":11},"end":{"line":147,"column":27}},{"start":{"line":147,"column":25},"end":{"line":147,"column":27}}]},"81":{"loc":{"start":{"line":158,"column":2},"end":{"line":161,"column":3}},"type":"if","locations":[{"start":{"line":158,"column":2},"end":{"line":161,"column":3}}]},"82":{"loc":{"start":{"line":176,"column":4},"end":{"line":176,"column":41}},"type":"binary-expr","locations":[{"start":{"line":176,"column":4},"end":{"line":176,"column":24}},{"start":{"line":176,"column":28},"end":{"line":176,"column":41}}]},"83":{"loc":{"start":{"line":176,"column":4},"end":{"line":176,"column":24}},"type":"cond-expr","locations":[{"start":{"line":176,"column":18},"end":{"line":176,"column":20}},{"start":{"line":176,"column":18},"end":{"line":176,"column":24}}]},"84":{"loc":{"start":{"line":176,"column":4},"end":{"line":176,"column":20}},"type":"binary-expr","locations":[{"start":{"line":176,"column":4},"end":{"line":176,"column":20}},{"start":{"line":176,"column":18},"end":{"line":176,"column":20}}]},"85":{"loc":{"start":{"line":178,"column":14},"end":{"line":178,"column":43}},"type":"binary-expr","locations":[{"start":{"line":178,"column":14},"end":{"line":178,"column":36}},{"start":{"line":178,"column":40},"end":{"line":178,"column":43}}]},"86":{"loc":{"start":{"line":178,"column":14},"end":{"line":178,"column":36}},"type":"cond-expr","locations":[{"start":{"line":178,"column":28},"end":{"line":178,"column":30}},{"start":{"line":178,"column":28},"end":{"line":178,"column":36}}]},"87":{"loc":{"start":{"line":178,"column":14},"end":{"line":178,"column":30}},"type":"binary-expr","locations":[{"start":{"line":178,"column":14},"end":{"line":178,"column":30}},{"start":{"line":178,"column":28},"end":{"line":178,"column":30}}]},"88":{"loc":{"start":{"line":180,"column":5},"end":{"line":180,"column":60}},"type":"binary-expr","locations":[{"start":{"line":180,"column":5},"end":{"line":180,"column":34}},{"start":{"line":180,"column":38},"end":{"line":180,"column":60}}]},"89":{"loc":{"start":{"line":180,"column":5},"end":{"line":180,"column":34}},"type":"cond-expr","locations":[{"start":{"line":180,"column":25},"end":{"line":180,"column":27}},{"start":{"line":180,"column":25},"end":{"line":180,"column":34}}]},"90":{"loc":{"start":{"line":180,"column":5},"end":{"line":180,"column":27}},"type":"binary-expr","locations":[{"start":{"line":180,"column":5},"end":{"line":180,"column":27}},{"start":{"line":180,"column":25},"end":{"line":180,"column":27}}]},"91":{"loc":{"start":{"line":180,"column":5},"end":{"line":180,"column":25}},"type":"cond-expr","locations":[{"start":{"line":180,"column":19},"end":{"line":180,"column":21}},{"start":{"line":180,"column":19},"end":{"line":180,"column":25}}]},"92":{"loc":{"start":{"line":180,"column":5},"end":{"line":180,"column":21}},"type":"binary-expr","locations":[{"start":{"line":180,"column":5},"end":{"line":180,"column":21}},{"start":{"line":180,"column":19},"end":{"line":180,"column":21}}]},"93":{"loc":{"start":{"line":181,"column":11},"end":{"line":181,"column":56}},"type":"binary-expr","locations":[{"start":{"line":181,"column":11},"end":{"line":181,"column":39}},{"start":{"line":181,"column":43},"end":{"line":181,"column":56}}]},"94":{"loc":{"start":{"line":181,"column":11},"end":{"line":181,"column":39}},"type":"cond-expr","locations":[{"start":{"line":181,"column":31},"end":{"line":181,"column":33}},{"start":{"line":181,"column":31},"end":{"line":181,"column":39}}]},"95":{"loc":{"start":{"line":181,"column":11},"end":{"line":181,"column":33}},"type":"binary-expr","locations":[{"start":{"line":181,"column":11},"end":{"line":181,"column":33}},{"start":{"line":181,"column":31},"end":{"line":181,"column":33}}]},"96":{"loc":{"start":{"line":181,"column":11},"end":{"line":181,"column":31}},"type":"cond-expr","locations":[{"start":{"line":181,"column":25},"end":{"line":181,"column":27}},{"start":{"line":181,"column":25},"end":{"line":181,"column":31}}]},"97":{"loc":{"start":{"line":181,"column":11},"end":{"line":181,"column":27}},"type":"binary-expr","locations":[{"start":{"line":181,"column":11},"end":{"line":181,"column":27}},{"start":{"line":181,"column":25},"end":{"line":181,"column":27}}]}},"s":{"0":1,"1":1,"2":1,"3":20,"4":4,"5":4,"6":1,"7":1,"8":3,"9":3,"10":1,"11":2,"12":2,"13":3,"14":3,"15":1,"16":2,"17":2,"18":3,"19":3,"20":1,"21":2,"22":2,"23":3,"24":3,"25":1,"26":2,"27":2,"28":3,"29":3,"30":1,"31":2,"32":2,"33":4,"34":4,"35":1,"36":1,"37":3,"38":3,"39":1,"40":1,"41":2,"42":2,"43":1},"f":{"0":20,"1":4,"2":3,"3":3,"4":3,"5":3,"6":4},"b":{"0":[1],"1":[2,1],"2":[1,1],"3":[2,2],"4":[2,1],"5":[1,1],"6":[2,2],"7":[2,1],"8":[1,1],"9":[2,2],"10":[1,1],"11":[2,2],"12":[2,2],"13":[1,1],"14":[2,2],"15":[1,1],"16":[2,2],"17":[2,1],"18":[1,1],"19":[2,2],"20":[2,1],"21":[1,1],"22":[2,2],"23":[2,1],"24":[1,1],"25":[2,2],"26":[1,1],"27":[2,2],"28":[2,2],"29":[1,1],"30":[2,2],"31":[1,1],"32":[2,2],"33":[2,1],"34":[1,1],"35":[2,2],"36":[2,1],"37":[1,1],"38":[2,2],"39":[2,1],"40":[1,1],"41":[2,2],"42":[1,1],"43":[2,2],"44":[2,2],"45":[1,1],"46":[2,2],"47":[1,1],"48":[2,2],"49":[2,1],"50":[1,1],"51":[2,2],"52":[2,1],"53":[1,1],"54":[2,2],"55":[2,1],"56":[1,1],"57":[2,2],"58":[1,1],"59":[2,2],"60":[2,2],"61":[1,1],"62":[2,2],"63":[1,1],"64":[2,2],"65":[2,1],"66":[1,1],"67":[2,2],"68":[2,1],"69":[1,1],"70":[2,2],"71":[2,1],"72":[1,1],"73":[2,2],"74":[1,1],"75":[2,2],"76":[2,2],"77":[1,1],"78":[2,2],"79":[1,1],"80":[2,2],"81":[1],"82":[2,1],"83":[1,1],"84":[2,2],"85":[2,1],"86":[1,1],"87":[2,2],"88":[2,1],"89":[1,1],"90":[2,2],"91":[1,1],"92":[2,2],"93":[2,2],"94":[1,1],"95":[2,2],"96":[1,1],"97":[2,2]}}
}
