TN:
SF:src\config\config.ts
FNF:0
FNH:0
DA:1,4
DA:3,4
DA:9,4
DA:10,4
DA:11,4
DA:20,4
LF:6
LH:6
BRDA:5,0,0,4
BRDA:5,0,1,1
BRDA:9,1,0,4
BRDA:9,1,1,1
BRDA:10,2,0,2
BRDA:10,2,1,2
BRDA:10,3,0,4
BRDA:10,3,1,4
BRDA:11,4,0,2
BRDA:11,4,1,2
BRDA:11,5,0,4
BRDA:11,5,1,4
BRF:12
BRH:12
end_of_record
TN:
SF:src\controllers\inventoryController.ts
FN:26,(anonymous_8)
FN:29,(anonymous_9)
FN:59,(anonymous_11)
FN:82,(anonymous_13)
FN:106,(anonymous_15)
FN:129,(anonymous_17)
FN:152,(anonymous_19)
FNF:7
FNH:7
FNDA:20,(anonymous_8)
FNDA:4,(anonymous_9)
FNDA:3,(anonymous_11)
FNDA:3,(anonymous_13)
FNDA:3,(anonymous_15)
FNDA:3,(anonymous_17)
FNDA:4,(anonymous_19)
DA:2,1
DA:3,1
DA:4,1
DA:26,1
DA:27,20
DA:34,4
DA:35,4
DA:36,1
DA:37,1
DA:39,3
DA:40,3
DA:45,1
DA:47,2
DA:51,2
DA:64,3
DA:65,3
DA:69,1
DA:71,2
DA:75,2
DA:87,3
DA:88,3
DA:93,1
DA:95,2
DA:99,2
DA:111,3
DA:112,3
DA:116,1
DA:118,2
DA:122,2
DA:134,3
DA:135,3
DA:138,1
DA:140,2
DA:144,2
DA:157,4
DA:158,4
DA:159,1
DA:160,1
DA:162,3
DA:163,3
DA:168,1
DA:169,1
DA:174,2
DA:178,2
LF:44
LH:44
BRDA:35,0,0,1
BRDA:49,1,0,2
BRDA:49,1,1,1
BRDA:49,2,0,1
BRDA:49,2,1,1
BRDA:49,3,0,2
BRDA:49,3,1,2
BRDA:51,4,0,2
BRDA:51,4,1,1
BRDA:51,5,0,1
BRDA:51,5,1,1
BRDA:51,6,0,2
BRDA:51,6,1,2
BRDA:53,7,0,2
BRDA:53,7,1,1
BRDA:53,8,0,1
BRDA:53,8,1,1
BRDA:53,9,0,2
BRDA:53,9,1,2
BRDA:53,10,0,1
BRDA:53,10,1,1
BRDA:53,11,0,2
BRDA:53,11,1,2
BRDA:54,12,0,2
BRDA:54,12,1,2
BRDA:54,13,0,1
BRDA:54,13,1,1
BRDA:54,14,0,2
BRDA:54,14,1,2
BRDA:54,15,0,1
BRDA:54,15,1,1
BRDA:54,16,0,2
BRDA:54,16,1,2
BRDA:73,17,0,2
BRDA:73,17,1,1
BRDA:73,18,0,1
BRDA:73,18,1,1
BRDA:73,19,0,2
BRDA:73,19,1,2
BRDA:75,20,0,2
BRDA:75,20,1,1
BRDA:75,21,0,1
BRDA:75,21,1,1
BRDA:75,22,0,2
BRDA:75,22,1,2
BRDA:76,23,0,2
BRDA:76,23,1,1
BRDA:76,24,0,1
BRDA:76,24,1,1
BRDA:76,25,0,2
BRDA:76,25,1,2
BRDA:76,26,0,1
BRDA:76,26,1,1
BRDA:76,27,0,2
BRDA:76,27,1,2
BRDA:77,28,0,2
BRDA:77,28,1,2
BRDA:77,29,0,1
BRDA:77,29,1,1
BRDA:77,30,0,2
BRDA:77,30,1,2
BRDA:77,31,0,1
BRDA:77,31,1,1
BRDA:77,32,0,2
BRDA:77,32,1,2
BRDA:97,33,0,2
BRDA:97,33,1,1
BRDA:97,34,0,1
BRDA:97,34,1,1
BRDA:97,35,0,2
BRDA:97,35,1,2
BRDA:99,36,0,2
BRDA:99,36,1,1
BRDA:99,37,0,1
BRDA:99,37,1,1
BRDA:99,38,0,2
BRDA:99,38,1,2
BRDA:100,39,0,2
BRDA:100,39,1,1
BRDA:100,40,0,1
BRDA:100,40,1,1
BRDA:100,41,0,2
BRDA:100,41,1,2
BRDA:100,42,0,1
BRDA:100,42,1,1
BRDA:100,43,0,2
BRDA:100,43,1,2
BRDA:101,44,0,2
BRDA:101,44,1,2
BRDA:101,45,0,1
BRDA:101,45,1,1
BRDA:101,46,0,2
BRDA:101,46,1,2
BRDA:101,47,0,1
BRDA:101,47,1,1
BRDA:101,48,0,2
BRDA:101,48,1,2
BRDA:120,49,0,2
BRDA:120,49,1,1
BRDA:120,50,0,1
BRDA:120,50,1,1
BRDA:120,51,0,2
BRDA:120,51,1,2
BRDA:122,52,0,2
BRDA:122,52,1,1
BRDA:122,53,0,1
BRDA:122,53,1,1
BRDA:122,54,0,2
BRDA:122,54,1,2
BRDA:123,55,0,2
BRDA:123,55,1,1
BRDA:123,56,0,1
BRDA:123,56,1,1
BRDA:123,57,0,2
BRDA:123,57,1,2
BRDA:123,58,0,1
BRDA:123,58,1,1
BRDA:123,59,0,2
BRDA:123,59,1,2
BRDA:124,60,0,2
BRDA:124,60,1,2
BRDA:124,61,0,1
BRDA:124,61,1,1
BRDA:124,62,0,2
BRDA:124,62,1,2
BRDA:124,63,0,1
BRDA:124,63,1,1
BRDA:124,64,0,2
BRDA:124,64,1,2
BRDA:142,65,0,2
BRDA:142,65,1,1
BRDA:142,66,0,1
BRDA:142,66,1,1
BRDA:142,67,0,2
BRDA:142,67,1,2
BRDA:144,68,0,2
BRDA:144,68,1,1
BRDA:144,69,0,1
BRDA:144,69,1,1
BRDA:144,70,0,2
BRDA:144,70,1,2
BRDA:146,71,0,2
BRDA:146,71,1,1
BRDA:146,72,0,1
BRDA:146,72,1,1
BRDA:146,73,0,2
BRDA:146,73,1,2
BRDA:146,74,0,1
BRDA:146,74,1,1
BRDA:146,75,0,2
BRDA:146,75,1,2
BRDA:147,76,0,2
BRDA:147,76,1,2
BRDA:147,77,0,1
BRDA:147,77,1,1
BRDA:147,78,0,2
BRDA:147,78,1,2
BRDA:147,79,0,1
BRDA:147,79,1,1
BRDA:147,80,0,2
BRDA:147,80,1,2
BRDA:158,81,0,1
BRDA:176,82,0,2
BRDA:176,82,1,1
BRDA:176,83,0,1
BRDA:176,83,1,1
BRDA:176,84,0,2
BRDA:176,84,1,2
BRDA:178,85,0,2
BRDA:178,85,1,1
BRDA:178,86,0,1
BRDA:178,86,1,1
BRDA:178,87,0,2
BRDA:178,87,1,2
BRDA:180,88,0,2
BRDA:180,88,1,1
BRDA:180,89,0,1
BRDA:180,89,1,1
BRDA:180,90,0,2
BRDA:180,90,1,2
BRDA:180,91,0,1
BRDA:180,91,1,1
BRDA:180,92,0,2
BRDA:180,92,1,2
BRDA:181,93,0,2
BRDA:181,93,1,2
BRDA:181,94,0,1
BRDA:181,94,1,1
BRDA:181,95,0,2
BRDA:181,95,1,2
BRDA:181,96,0,1
BRDA:181,96,1,1
BRDA:181,97,0,2
BRDA:181,97,1,2
BRF:194
BRH:194
end_of_record
